[debug] [2024-07-08T13:04:43.560Z] ----------------------------------------------------------------------
[debug] [2024-07-08T13:04:43.563Z] Command:       C:\Program Files\nodejs\node.exe C:\Users\HP\AppData\Roaming\npm\node_modules\firebase-tools\lib\bin\firebase.js init
[debug] [2024-07-08T13:04:43.564Z] CLI Version:   13.13.0
[debug] [2024-07-08T13:04:43.564Z] Platform:      win32
[debug] [2024-07-08T13:04:43.564Z] Node Version:  v20.11.1
[debug] [2024-07-08T13:04:43.564Z] Time:          Mon Jul 08 2024 18:04:43 GMT+0500 (Pakistan Standard Time)
[debug] [2024-07-08T13:04:43.565Z] ----------------------------------------------------------------------
[debug] 
[debug] [2024-07-08T13:04:43.568Z] >>> [apiv2][query] GET https://firebase-public.firebaseio.com/cli.json [none]
[debug] [2024-07-08T13:04:43.623Z] > command requires scopes: ["email","openid","https://www.googleapis.com/auth/cloudplatformprojects.readonly","https://www.googleapis.com/auth/firebase","https://www.googleapis.com/auth/cloud-platform"]
[debug] [2024-07-08T13:04:43.624Z] > authorizing via signed-in user (alizayaseen110@gmail.com)
[info] 
     ######## #### ########  ######## ########     ###     ######  ########
     ##        ##  ##     ## ##       ##     ##  ##   ##  ##       ##
     ######    ##  ########  ######   ########  #########  ######  ######
     ##        ##  ##    ##  ##       ##     ## ##     ##       ## ##
     ##       #### ##     ## ######## ########  ##     ##  ######  ########

You're about to initialize a Firebase project in this directory:

  C:\Users\HP\OneDrive\Desktop\to do list

[debug] [2024-07-08T13:04:44.762Z] <<< [apiv2][status] GET https://firebase-public.firebaseio.com/cli.json 200
[debug] [2024-07-08T13:04:44.763Z] <<< [apiv2][body] GET https://firebase-public.firebaseio.com/cli.json {"cloudBuildErrorAfter":1594252800000,"cloudBuildWarnAfter":1590019200000,"defaultNode10After":1594252800000,"minVersion":"3.0.5","node8DeploysDisabledAfter":1613390400000,"node8RuntimeDisabledAfter":1615809600000,"node8WarnAfter":1600128000000}
[info] 
=== Project Setup
[info] 
[info] First, let's associate this project directory with a Firebase project.
[info] You can create multiple project aliases by running firebase use --add, 
[info] but for now we'll just set up a default project.
[info] 
[debug] [2024-07-08T13:04:49.517Z] > refreshing access token with scopes: []
[debug] [2024-07-08T13:04:49.519Z] >>> [apiv2][query] POST https://www.googleapis.com/oauth2/v3/token [none]
[debug] [2024-07-08T13:04:49.519Z] >>> [apiv2][body] POST https://www.googleapis.com/oauth2/v3/token [omitted]
[debug] [2024-07-08T13:04:50.184Z] <<< [apiv2][status] POST https://www.googleapis.com/oauth2/v3/token 200
[debug] [2024-07-08T13:04:50.184Z] <<< [apiv2][body] POST https://www.googleapis.com/oauth2/v3/token [omitted]
[debug] [2024-07-08T13:04:50.209Z] >>> [apiv2][query] GET https://firebase.googleapis.com/v1beta1/projects pageSize=100
[debug] [2024-07-08T13:04:51.213Z] <<< [apiv2][status] GET https://firebase.googleapis.com/v1beta1/projects 200
[debug] [2024-07-08T13:04:51.213Z] <<< [apiv2][body] GET https://firebase.googleapis.com/v1beta1/projects [omitted]
[info] i  Using project todolist-81d0d (toDoList) 
[info] 
=== Hosting Setup
[debug] [2024-07-08T13:04:54.787Z] >>> [apiv2][query] GET https://firebase.googleapis.com/v1beta1/projects/todolist-81d0d [none]
[debug] [2024-07-08T13:04:55.264Z] <<< [apiv2][status] GET https://firebase.googleapis.com/v1beta1/projects/todolist-81d0d 200
[debug] [2024-07-08T13:04:55.265Z] <<< [apiv2][body] GET https://firebase.googleapis.com/v1beta1/projects/todolist-81d0d {"projectId":"todolist-81d0d","projectNumber":"1008270482055","displayName":"toDoList","name":"projects/todolist-81d0d","resources":{"hostingSite":"todolist-81d0d"},"state":"ACTIVE","etag":"1_2c93deac-9bb6-4a7a-b0bf-e83a081c474d"}
[info] 
[info] Your public directory is the folder (relative to your project directory) that
[info] will contain Hosting assets to be uploaded with firebase deploy. If you
[info] have a build process for your assets, use your build's output directory.
[info] 
